<?xml version="1.0" encoding="UTF-8"?>
<testsuite name="br.com.recrutamento.service.testes do classe Eventservice" tests="2" skipped="0" failures="0" errors="0" timestamp="2019-03-25T21:30:33" hostname="junior-pc" time="0.213">
  <properties/>
  <testcase name="retornar Issue sem comentÃ¡rios()" classname="br.com.recrutamento.service.testes do classe Eventservice" time="0.006"/>
  <testcase name="retornando Issue nula()" classname="br.com.recrutamento.service.testes do classe Eventservice" time="0.008"/>
  <system-out><![CDATA[]]></system-out>
  <system-err><![CDATA[[Test worker] INFO com.zaxxer.hikari.HikariDataSource - HikariPool-45 - Starting...
[Test worker] INFO com.zaxxer.hikari.HikariDataSource - HikariPool-45 - Start completed.
[Test worker] INFO com.zaxxer.hikari.HikariDataSource - HikariPool-46 - Starting...
[Test worker] INFO com.zaxxer.hikari.HikariDataSource - HikariPool-46 - Start completed.
]]></system-err>
</testsuite>
