<?xml version="1.0" encoding="UTF-8"?>
<testsuite name="br.com.recrutamento.service.verificando eventos de inclusão" tests="2" skipped="0" failures="0" errors="0" timestamp="2019-03-25T21:30:34" hostname="junior-pc" time="0.14">
  <properties/>
  <testcase name="verificando inclusão de comentarios(String)[1]" classname="br.com.recrutamento.service.verificando eventos de inclusão" time="0.067"/>
  <testcase name="verificando a inclusão de issue(String)[1]" classname="br.com.recrutamento.service.verificando eventos de inclusão" time="0.045"/>
  <system-out><![CDATA[]]></system-out>
  <system-err><![CDATA[[Test worker] INFO com.zaxxer.hikari.HikariDataSource - HikariPool-52 - Starting...
[Test worker] INFO com.zaxxer.hikari.HikariDataSource - HikariPool-52 - Start completed.
[Test worker] INFO com.zaxxer.hikari.HikariDataSource - HikariPool-53 - Starting...
[Test worker] INFO com.zaxxer.hikari.HikariDataSource - HikariPool-53 - Start completed.
[Test worker] INFO com.zaxxer.hikari.HikariDataSource - HikariPool-54 - Starting...
[Test worker] INFO com.zaxxer.hikari.HikariDataSource - HikariPool-54 - Start completed.
[Test worker] INFO com.zaxxer.hikari.HikariDataSource - HikariPool-55 - Starting...
[Test worker] INFO com.zaxxer.hikari.HikariDataSource - HikariPool-55 - Start completed.
[Test worker] INFO com.zaxxer.hikari.HikariDataSource - HikariPool-56 - Starting...
[Test worker] INFO com.zaxxer.hikari.HikariDataSource - HikariPool-56 - Start completed.
]]></system-err>
</testsuite>
