<?xml version="1.0" encoding="UTF-8"?>
<testsuite name="br.com.recrutamento.controller.testando os endpoints de event" tests="6" skipped="0" failures="0" errors="0" timestamp="2019-03-25T18:31:17" hostname="junior-pc" time="10.241">
  <properties/>
  <testcase name="testar sucesso processamento()" classname="br.com.recrutamento.controller.testando os endpoints de event" time="3.465"/>
  <testcase name="testar eventServiceException()" classname="br.com.recrutamento.controller.testando os endpoints de event" time="3.056"/>
  <testcase name="testar retorno statuscode 500()" classname="br.com.recrutamento.controller.testando os endpoints de event" time="0.792"/>
  <testcase name="testar retorno Issue()" classname="br.com.recrutamento.controller.testando os endpoints de event" time="1.398"/>
  <testcase name="testar internalServerError evento()" classname="br.com.recrutamento.controller.testando os endpoints de event" time="0.145"/>
  <testcase name="testar retorno de issue inexistente()" classname="br.com.recrutamento.controller.testando os endpoints de event" time="0.078"/>
  <system-out><![CDATA[]]></system-out>
  <system-err><![CDATA[[Test worker] INFO org.eclipse.jetty.util.log - Logging initialized @8077ms to org.eclipse.jetty.util.log.Slf4jLog
[Thread-4] INFO io.javalin.core.util.Util - It looks like you created a Javalin instance, but you never started it.
[Thread-4] INFO io.javalin.core.util.Util - Try: Javalin app = Javalin.create().start();
[Thread-4] INFO io.javalin.core.util.Util - For more help, visit https://javalin.io/documentation#starting-and-stopping
[Test worker] INFO io.javalin.Javalin - 
 _________________________________________
|        _                  _ _           |
|       | | __ ___   ____ _| (_)_ __      |
|    _  | |/ _` \ \ / / _` | | | '_ \     |
|   | |_| | (_| |\ V / (_| | | | | | |    |
|    \___/ \__,_| \_/ \__,_|_|_|_| |_|    |
|_________________________________________|
|                                         |
|    https://javalin.io/documentation     |
|_________________________________________|
[Test worker] INFO io.javalin.Javalin - Starting Javalin ...
[Test worker] INFO org.eclipse.jetty.server.Server - jetty-9.4.15.v20190215; built: 2019-02-15T16:53:49.381Z; git: eb70b240169fcf1abbd86af36482d1c49826fa0b; jvm 9.0.1+11
[Test worker] INFO org.eclipse.jetty.server.session - DefaultSessionIdManager workerName=node0
[Test worker] INFO org.eclipse.jetty.server.session - No SessionScavenger set, using defaults
[Test worker] INFO org.eclipse.jetty.server.session - node0 Scavenging every 660000ms
[Test worker] INFO org.eclipse.jetty.server.handler.ContextHandler - Started i.j.c.u.@3d0d4ab7{/,null,AVAILABLE}
[Test worker] INFO org.eclipse.jetty.server.handler.ContextHandler - Started o.e.j.s.ServletContextHandler@2071de81{/,null,AVAILABLE}
[Test worker] INFO org.eclipse.jetty.server.AbstractConnector - Started ServerConnector@6918841a{HTTP/1.1,[http/1.1]}{0.0.0.0:9090}
[Test worker] INFO org.eclipse.jetty.server.Server - Started @11981ms
[Test worker] INFO io.javalin.Javalin - Jetty is listening on: [http://localhost:9090/]
[Test worker] INFO io.javalin.Javalin - Javalin has started \o/
[Test worker] INFO io.javalin.Javalin - Stopping Javalin ...
[Test worker] INFO org.eclipse.jetty.server.AbstractConnector - Stopped ServerConnector@6918841a{HTTP/1.1,[http/1.1]}{0.0.0.0:9090}
[Test worker] INFO org.eclipse.jetty.server.session - node0 Stopped scavenging
[Test worker] INFO org.eclipse.jetty.server.handler.ContextHandler - Stopped o.e.j.s.ServletContextHandler@2071de81{/,null,UNAVAILABLE}
[Test worker] INFO org.eclipse.jetty.server.handler.ContextHandler - Stopped i.j.c.u.@3d0d4ab7{/,null,UNAVAILABLE}
[Test worker] INFO io.javalin.Javalin - Javalin has stopped
[Test worker] INFO io.javalin.Javalin - 
 _________________________________________
|        _                  _ _           |
|       | | __ ___   ____ _| (_)_ __      |
|    _  | |/ _` \ \ / / _` | | | '_ \     |
|   | |_| | (_| |\ V / (_| | | | | | |    |
|    \___/ \__,_| \_/ \__,_|_|_|_| |_|    |
|_________________________________________|
|                                         |
|    https://javalin.io/documentation     |
|_________________________________________|
[Test worker] INFO io.javalin.Javalin - Starting Javalin ...
[Test worker] INFO org.eclipse.jetty.server.Server - jetty-9.4.15.v20190215; built: 2019-02-15T16:53:49.381Z; git: eb70b240169fcf1abbd86af36482d1c49826fa0b; jvm 9.0.1+11
[Test worker] INFO org.eclipse.jetty.server.session - DefaultSessionIdManager workerName=node0
[Test worker] INFO org.eclipse.jetty.server.session - No SessionScavenger set, using defaults
[Test worker] INFO org.eclipse.jetty.server.session - node0 Scavenging every 660000ms
[Test worker] INFO org.eclipse.jetty.server.handler.ContextHandler - Started i.j.c.u.@447fd299{/,null,AVAILABLE}
[Test worker] INFO org.eclipse.jetty.server.handler.ContextHandler - Started o.e.j.s.ServletContextHandler@3596ffbf{/,null,AVAILABLE}
[Test worker] INFO org.eclipse.jetty.server.AbstractConnector - Started ServerConnector@6852e849{HTTP/1.1,[http/1.1]}{0.0.0.0:9090}
[Test worker] INFO org.eclipse.jetty.server.Server - Started @22635ms
[Test worker] INFO io.javalin.Javalin - Jetty is listening on: [http://localhost:9090/]
[Test worker] INFO io.javalin.Javalin - Javalin has started \o/
[Test worker] INFO io.javalin.Javalin - Stopping Javalin ...
[Test worker] INFO org.eclipse.jetty.server.AbstractConnector - Stopped ServerConnector@6852e849{HTTP/1.1,[http/1.1]}{0.0.0.0:9090}
[Test worker] INFO org.eclipse.jetty.server.session - node0 Stopped scavenging
[Test worker] INFO org.eclipse.jetty.server.handler.ContextHandler - Stopped o.e.j.s.ServletContextHandler@3596ffbf{/,null,UNAVAILABLE}
[Test worker] INFO org.eclipse.jetty.server.handler.ContextHandler - Stopped i.j.c.u.@447fd299{/,null,UNAVAILABLE}
[Test worker] INFO io.javalin.Javalin - Javalin has stopped
[Test worker] INFO io.javalin.Javalin - 
 _________________________________________
|        _                  _ _           |
|       | | __ ___   ____ _| (_)_ __      |
|    _  | |/ _` \ \ / / _` | | | '_ \     |
|   | |_| | (_| |\ V / (_| | | | | | |    |
|    \___/ \__,_| \_/ \__,_|_|_|_| |_|    |
|_________________________________________|
|                                         |
|    https://javalin.io/documentation     |
|_________________________________________|
[Test worker] INFO io.javalin.Javalin - Starting Javalin ...
[Test worker] INFO org.eclipse.jetty.server.Server - jetty-9.4.15.v20190215; built: 2019-02-15T16:53:49.381Z; git: eb70b240169fcf1abbd86af36482d1c49826fa0b; jvm 9.0.1+11
[Test worker] INFO org.eclipse.jetty.server.session - DefaultSessionIdManager workerName=node0
[Test worker] INFO org.eclipse.jetty.server.session - No SessionScavenger set, using defaults
[Test worker] INFO org.eclipse.jetty.server.session - node0 Scavenging every 660000ms
[Test worker] INFO org.eclipse.jetty.server.handler.ContextHandler - Started i.j.c.u.@1d24ccfd{/,null,AVAILABLE}
[Test worker] INFO org.eclipse.jetty.server.handler.ContextHandler - Started o.e.j.s.ServletContextHandler@5b5fa51b{/,null,AVAILABLE}
[Test worker] INFO org.eclipse.jetty.server.AbstractConnector - Started ServerConnector@1678027{HTTP/1.1,[http/1.1]}{0.0.0.0:9090}
[Test worker] INFO org.eclipse.jetty.server.Server - Started @26060ms
[Test worker] INFO io.javalin.Javalin - Jetty is listening on: [http://localhost:9090/]
[Test worker] INFO io.javalin.Javalin - Javalin has started \o/
[Test worker] INFO io.javalin.Javalin - Stopping Javalin ...
[Test worker] INFO org.eclipse.jetty.server.AbstractConnector - Stopped ServerConnector@1678027{HTTP/1.1,[http/1.1]}{0.0.0.0:9090}
[Test worker] INFO org.eclipse.jetty.server.session - node0 Stopped scavenging
[Test worker] INFO org.eclipse.jetty.server.handler.ContextHandler - Stopped o.e.j.s.ServletContextHandler@5b5fa51b{/,null,UNAVAILABLE}
[Test worker] INFO org.eclipse.jetty.server.handler.ContextHandler - Stopped i.j.c.u.@1d24ccfd{/,null,UNAVAILABLE}
[Test worker] INFO io.javalin.Javalin - Javalin has stopped
[Test worker] INFO io.javalin.Javalin - 
 _________________________________________
|        _                  _ _           |
|       | | __ ___   ____ _| (_)_ __      |
|    _  | |/ _` \ \ / / _` | | | '_ \     |
|   | |_| | (_| |\ V / (_| | | | | | |    |
|    \___/ \__,_| \_/ \__,_|_|_|_| |_|    |
|_________________________________________|
|                                         |
|    https://javalin.io/documentation     |
|_________________________________________|
[Test worker] INFO io.javalin.Javalin - Starting Javalin ...
[Test worker] INFO org.eclipse.jetty.server.Server - jetty-9.4.15.v20190215; built: 2019-02-15T16:53:49.381Z; git: eb70b240169fcf1abbd86af36482d1c49826fa0b; jvm 9.0.1+11
[Test worker] INFO org.eclipse.jetty.server.session - DefaultSessionIdManager workerName=node0
[Test worker] INFO org.eclipse.jetty.server.session - No SessionScavenger set, using defaults
[Test worker] INFO org.eclipse.jetty.server.session - node0 Scavenging every 660000ms
[Test worker] INFO org.eclipse.jetty.server.handler.ContextHandler - Started i.j.c.u.@5a7bbf11{/,null,AVAILABLE}
[Test worker] INFO org.eclipse.jetty.server.handler.ContextHandler - Started o.e.j.s.ServletContextHandler@4fbf840b{/,null,AVAILABLE}
[Test worker] INFO org.eclipse.jetty.server.AbstractConnector - Started ServerConnector@1ec1acbb{HTTP/1.1,[http/1.1]}{0.0.0.0:9090}
[Test worker] INFO org.eclipse.jetty.server.Server - Started @27048ms
[Test worker] INFO io.javalin.Javalin - Jetty is listening on: [http://localhost:9090/]
[Test worker] INFO io.javalin.Javalin - Javalin has started \o/
[Test worker] INFO io.javalin.Javalin - Stopping Javalin ...
[Test worker] INFO org.eclipse.jetty.server.AbstractConnector - Stopped ServerConnector@1ec1acbb{HTTP/1.1,[http/1.1]}{0.0.0.0:9090}
[Test worker] INFO org.eclipse.jetty.server.session - node0 Stopped scavenging
[Test worker] INFO org.eclipse.jetty.server.handler.ContextHandler - Stopped o.e.j.s.ServletContextHandler@4fbf840b{/,null,UNAVAILABLE}
[Test worker] INFO org.eclipse.jetty.server.handler.ContextHandler - Stopped i.j.c.u.@5a7bbf11{/,null,UNAVAILABLE}
[Test worker] INFO io.javalin.Javalin - Javalin has stopped
[Test worker] INFO io.javalin.Javalin - 
 _________________________________________
|        _                  _ _           |
|       | | __ ___   ____ _| (_)_ __      |
|    _  | |/ _` \ \ / / _` | | | '_ \     |
|   | |_| | (_| |\ V / (_| | | | | | |    |
|    \___/ \__,_| \_/ \__,_|_|_|_| |_|    |
|_________________________________________|
|                                         |
|    https://javalin.io/documentation     |
|_________________________________________|
[Test worker] INFO io.javalin.Javalin - Starting Javalin ...
[Test worker] INFO org.eclipse.jetty.server.Server - jetty-9.4.15.v20190215; built: 2019-02-15T16:53:49.381Z; git: eb70b240169fcf1abbd86af36482d1c49826fa0b; jvm 9.0.1+11
[Test worker] INFO org.eclipse.jetty.server.session - DefaultSessionIdManager workerName=node0
[Test worker] INFO org.eclipse.jetty.server.session - No SessionScavenger set, using defaults
[Test worker] INFO org.eclipse.jetty.server.session - node0 Scavenging every 660000ms
[Test worker] INFO org.eclipse.jetty.server.handler.ContextHandler - Started i.j.c.u.@158ada99{/,null,AVAILABLE}
[Test worker] INFO org.eclipse.jetty.server.handler.ContextHandler - Started o.e.j.s.ServletContextHandler@7ab10ec7{/,null,AVAILABLE}
[Test worker] INFO org.eclipse.jetty.server.AbstractConnector - Started ServerConnector@6a08f804{HTTP/1.1,[http/1.1]}{0.0.0.0:9090}
[Test worker] INFO org.eclipse.jetty.server.Server - Started @28528ms
[Test worker] INFO io.javalin.Javalin - Jetty is listening on: [http://localhost:9090/]
[Test worker] INFO io.javalin.Javalin - Javalin has started \o/
[Test worker] INFO io.javalin.Javalin - Stopping Javalin ...
[Test worker] INFO org.eclipse.jetty.server.AbstractConnector - Stopped ServerConnector@6a08f804{HTTP/1.1,[http/1.1]}{0.0.0.0:9090}
[Test worker] INFO org.eclipse.jetty.server.session - node0 Stopped scavenging
[Test worker] INFO org.eclipse.jetty.server.handler.ContextHandler - Stopped o.e.j.s.ServletContextHandler@7ab10ec7{/,null,UNAVAILABLE}
[Test worker] INFO org.eclipse.jetty.server.handler.ContextHandler - Stopped i.j.c.u.@158ada99{/,null,UNAVAILABLE}
[Test worker] INFO io.javalin.Javalin - Javalin has stopped
[Test worker] INFO io.javalin.Javalin - 
 _________________________________________
|        _                  _ _           |
|       | | __ ___   ____ _| (_)_ __      |
|    _  | |/ _` \ \ / / _` | | | '_ \     |
|   | |_| | (_| |\ V / (_| | | | | | |    |
|    \___/ \__,_| \_/ \__,_|_|_|_| |_|    |
|_________________________________________|
|                                         |
|    https://javalin.io/documentation     |
|_________________________________________|
[Test worker] INFO io.javalin.Javalin - Starting Javalin ...
[Test worker] INFO org.eclipse.jetty.server.Server - jetty-9.4.15.v20190215; built: 2019-02-15T16:53:49.381Z; git: eb70b240169fcf1abbd86af36482d1c49826fa0b; jvm 9.0.1+11
[Test worker] INFO org.eclipse.jetty.server.session - DefaultSessionIdManager workerName=node0
[Test worker] INFO org.eclipse.jetty.server.session - No SessionScavenger set, using defaults
[Test worker] INFO org.eclipse.jetty.server.session - node0 Scavenging every 600000ms
[Test worker] INFO org.eclipse.jetty.server.handler.ContextHandler - Started i.j.c.u.@5c3a5b04{/,null,AVAILABLE}
[Test worker] INFO org.eclipse.jetty.server.handler.ContextHandler - Started o.e.j.s.ServletContextHandler@7b4fbaba{/,null,AVAILABLE}
[Test worker] INFO org.eclipse.jetty.server.AbstractConnector - Started ServerConnector@268711f7{HTTP/1.1,[http/1.1]}{0.0.0.0:9090}
[Test worker] INFO org.eclipse.jetty.server.Server - Started @28704ms
[Test worker] INFO io.javalin.Javalin - Jetty is listening on: [http://localhost:9090/]
[Test worker] INFO io.javalin.Javalin - Javalin has started \o/
[Test worker] INFO io.javalin.Javalin - Stopping Javalin ...
[Test worker] INFO org.eclipse.jetty.server.AbstractConnector - Stopped ServerConnector@268711f7{HTTP/1.1,[http/1.1]}{0.0.0.0:9090}
[Test worker] INFO org.eclipse.jetty.server.session - node0 Stopped scavenging
[Test worker] INFO org.eclipse.jetty.server.handler.ContextHandler - Stopped o.e.j.s.ServletContextHandler@7b4fbaba{/,null,UNAVAILABLE}
[Test worker] INFO org.eclipse.jetty.server.handler.ContextHandler - Stopped i.j.c.u.@5c3a5b04{/,null,UNAVAILABLE}
[Test worker] INFO io.javalin.Javalin - Javalin has stopped
]]></system-err>
</testsuite>
