<?xml version="1.0" encoding="UTF-8"?>
<testsuite name="br.com.recrutamento.controller.testando os endpoints de event" tests="6" skipped="0" failures="0" errors="0" timestamp="2019-03-25T01:22:00" hostname="junior-pc" time="6.057">
  <properties/>
  <testcase name="testar sucesso processamento()" classname="br.com.recrutamento.controller.testando os endpoints de event" time="1.218"/>
  <testcase name="testar eventServiceException()" classname="br.com.recrutamento.controller.testando os endpoints de event" time="3.038"/>
  <testcase name="testar retorno statuscode 500()" classname="br.com.recrutamento.controller.testando os endpoints de event" time="0.154"/>
  <testcase name="testar retorno Issue()" classname="br.com.recrutamento.controller.testando os endpoints de event" time="0.985"/>
  <testcase name="testar internalServerError evento()" classname="br.com.recrutamento.controller.testando os endpoints de event" time="0.176"/>
  <testcase name="testar retorno de issue inexistente()" classname="br.com.recrutamento.controller.testando os endpoints de event" time="0.029"/>
  <system-out><![CDATA[]]></system-out>
  <system-err><![CDATA[[Test worker] INFO org.eclipse.jetty.util.log - Logging initialized @4207ms to org.eclipse.jetty.util.log.Slf4jLog
[Test worker] INFO io.javalin.Javalin - 
 _________________________________________
|        _                  _ _           |
|       | | __ ___   ____ _| (_)_ __      |
|    _  | |/ _` \ \ / / _` | | | '_ \     |
|   | |_| | (_| |\ V / (_| | | | | | |    |
|    \___/ \__,_| \_/ \__,_|_|_|_| |_|    |
|_________________________________________|
|                                         |
|    https://javalin.io/documentation     |
|_________________________________________|
[Test worker] INFO io.javalin.Javalin - Starting Javalin ...
[Test worker] INFO org.eclipse.jetty.server.Server - jetty-9.4.15.v20190215; built: 2019-02-15T16:53:49.381Z; git: eb70b240169fcf1abbd86af36482d1c49826fa0b; jvm 9.0.1+11
[Test worker] INFO org.eclipse.jetty.server.session - DefaultSessionIdManager workerName=node0
[Test worker] INFO org.eclipse.jetty.server.session - No SessionScavenger set, using defaults
[Test worker] INFO org.eclipse.jetty.server.session - node0 Scavenging every 600000ms
[Test worker] INFO org.eclipse.jetty.server.handler.ContextHandler - Started i.j.c.u.@2a0d5fcc{/,null,AVAILABLE}
[Test worker] INFO org.eclipse.jetty.server.handler.ContextHandler - Started o.e.j.s.ServletContextHandler@76accd1c{/,null,AVAILABLE}
[Test worker] INFO org.eclipse.jetty.server.AbstractConnector - Started ServerConnector@6f51eac3{HTTP/1.1,[http/1.1]}{0.0.0.0:9090}
[Test worker] INFO org.eclipse.jetty.server.Server - Started @5538ms
[Test worker] INFO io.javalin.Javalin - Jetty is listening on: [http://localhost:9090/]
[Test worker] INFO io.javalin.Javalin - Javalin has started \o/
[Test worker] INFO io.javalin.Javalin - Stopping Javalin ...
[Test worker] INFO org.eclipse.jetty.server.AbstractConnector - Stopped ServerConnector@6f51eac3{HTTP/1.1,[http/1.1]}{0.0.0.0:9090}
[Test worker] INFO org.eclipse.jetty.server.session - node0 Stopped scavenging
[Test worker] INFO org.eclipse.jetty.server.handler.ContextHandler - Stopped o.e.j.s.ServletContextHandler@76accd1c{/,null,UNAVAILABLE}
[Test worker] INFO org.eclipse.jetty.server.handler.ContextHandler - Stopped i.j.c.u.@2a0d5fcc{/,null,UNAVAILABLE}
[Test worker] INFO io.javalin.Javalin - Javalin has stopped
[Test worker] INFO io.javalin.Javalin - 
 _________________________________________
|        _                  _ _           |
|       | | __ ___   ____ _| (_)_ __      |
|    _  | |/ _` \ \ / / _` | | | '_ \     |
|   | |_| | (_| |\ V / (_| | | | | | |    |
|    \___/ \__,_| \_/ \__,_|_|_|_| |_|    |
|_________________________________________|
|                                         |
|    https://javalin.io/documentation     |
|_________________________________________|
[Test worker] INFO io.javalin.Javalin - Starting Javalin ...
[Test worker] INFO org.eclipse.jetty.server.Server - jetty-9.4.15.v20190215; built: 2019-02-15T16:53:49.381Z; git: eb70b240169fcf1abbd86af36482d1c49826fa0b; jvm 9.0.1+11
[Test worker] INFO org.eclipse.jetty.server.session - DefaultSessionIdManager workerName=node0
[Test worker] INFO org.eclipse.jetty.server.session - No SessionScavenger set, using defaults
[Test worker] INFO org.eclipse.jetty.server.session - node0 Scavenging every 600000ms
[Test worker] INFO org.eclipse.jetty.server.handler.ContextHandler - Started i.j.c.u.@1838e5dc{/,null,AVAILABLE}
[Test worker] INFO org.eclipse.jetty.server.handler.ContextHandler - Started o.e.j.s.ServletContextHandler@3f02af72{/,null,AVAILABLE}
[Test worker] INFO org.eclipse.jetty.server.AbstractConnector - Started ServerConnector@c163680{HTTP/1.1,[http/1.1]}{0.0.0.0:9090}
[Test worker] INFO org.eclipse.jetty.server.Server - Started @10482ms
[Test worker] INFO io.javalin.Javalin - Jetty is listening on: [http://localhost:9090/]
[Test worker] INFO io.javalin.Javalin - Javalin has started \o/
[Test worker] INFO io.javalin.Javalin - Stopping Javalin ...
[Test worker] INFO org.eclipse.jetty.server.AbstractConnector - Stopped ServerConnector@c163680{HTTP/1.1,[http/1.1]}{0.0.0.0:9090}
[Test worker] INFO org.eclipse.jetty.server.session - node0 Stopped scavenging
[Test worker] INFO org.eclipse.jetty.server.handler.ContextHandler - Stopped o.e.j.s.ServletContextHandler@3f02af72{/,null,UNAVAILABLE}
[Test worker] INFO org.eclipse.jetty.server.handler.ContextHandler - Stopped i.j.c.u.@1838e5dc{/,null,UNAVAILABLE}
[Test worker] INFO io.javalin.Javalin - Javalin has stopped
[Test worker] INFO io.javalin.Javalin - 
 _________________________________________
|        _                  _ _           |
|       | | __ ___   ____ _| (_)_ __      |
|    _  | |/ _` \ \ / / _` | | | '_ \     |
|   | |_| | (_| |\ V / (_| | | | | | |    |
|    \___/ \__,_| \_/ \__,_|_|_|_| |_|    |
|_________________________________________|
|                                         |
|    https://javalin.io/documentation     |
|_________________________________________|
[Test worker] INFO io.javalin.Javalin - Starting Javalin ...
[Test worker] INFO org.eclipse.jetty.server.Server - jetty-9.4.15.v20190215; built: 2019-02-15T16:53:49.381Z; git: eb70b240169fcf1abbd86af36482d1c49826fa0b; jvm 9.0.1+11
[Test worker] INFO org.eclipse.jetty.server.session - DefaultSessionIdManager workerName=node0
[Test worker] INFO org.eclipse.jetty.server.session - No SessionScavenger set, using defaults
[Test worker] INFO org.eclipse.jetty.server.session - node0 Scavenging every 600000ms
[Test worker] INFO org.eclipse.jetty.server.handler.ContextHandler - Started i.j.c.u.@68c8c91c{/,null,AVAILABLE}
[Test worker] INFO org.eclipse.jetty.server.handler.ContextHandler - Started o.e.j.s.ServletContextHandler@63b61e4a{/,null,AVAILABLE}
[Test worker] INFO org.eclipse.jetty.server.AbstractConnector - Started ServerConnector@27f619a{HTTP/1.1,[http/1.1]}{0.0.0.0:9090}
[Test worker] INFO org.eclipse.jetty.server.Server - Started @13616ms
[Test worker] INFO io.javalin.Javalin - Jetty is listening on: [http://localhost:9090/]
[Test worker] INFO io.javalin.Javalin - Javalin has started \o/
[Test worker] INFO io.javalin.Javalin - Stopping Javalin ...
[Test worker] INFO org.eclipse.jetty.server.AbstractConnector - Stopped ServerConnector@27f619a{HTTP/1.1,[http/1.1]}{0.0.0.0:9090}
[Test worker] INFO org.eclipse.jetty.server.session - node0 Stopped scavenging
[Test worker] INFO org.eclipse.jetty.server.handler.ContextHandler - Stopped o.e.j.s.ServletContextHandler@63b61e4a{/,null,UNAVAILABLE}
[Test worker] INFO org.eclipse.jetty.server.handler.ContextHandler - Stopped i.j.c.u.@68c8c91c{/,null,UNAVAILABLE}
[Test worker] INFO io.javalin.Javalin - Javalin has stopped
[Test worker] INFO io.javalin.Javalin - 
 _________________________________________
|        _                  _ _           |
|       | | __ ___   ____ _| (_)_ __      |
|    _  | |/ _` \ \ / / _` | | | '_ \     |
|   | |_| | (_| |\ V / (_| | | | | | |    |
|    \___/ \__,_| \_/ \__,_|_|_|_| |_|    |
|_________________________________________|
|                                         |
|    https://javalin.io/documentation     |
|_________________________________________|
[Test worker] INFO io.javalin.Javalin - Starting Javalin ...
[Test worker] INFO org.eclipse.jetty.server.Server - jetty-9.4.15.v20190215; built: 2019-02-15T16:53:49.381Z; git: eb70b240169fcf1abbd86af36482d1c49826fa0b; jvm 9.0.1+11
[Test worker] INFO org.eclipse.jetty.server.session - DefaultSessionIdManager workerName=node0
[Test worker] INFO org.eclipse.jetty.server.session - No SessionScavenger set, using defaults
[Test worker] INFO org.eclipse.jetty.server.session - node0 Scavenging every 600000ms
[Test worker] INFO org.eclipse.jetty.server.handler.ContextHandler - Started i.j.c.u.@707520f1{/,null,AVAILABLE}
[Test worker] INFO org.eclipse.jetty.server.handler.ContextHandler - Started o.e.j.s.ServletContextHandler@3c551c2f{/,null,AVAILABLE}
[Test worker] INFO org.eclipse.jetty.server.AbstractConnector - Started ServerConnector@5704af9{HTTP/1.1,[http/1.1]}{0.0.0.0:9090}
[Test worker] INFO org.eclipse.jetty.server.Server - Started @13921ms
[Test worker] INFO io.javalin.Javalin - Jetty is listening on: [http://localhost:9090/]
[Test worker] INFO io.javalin.Javalin - Javalin has started \o/
[Test worker] INFO io.javalin.Javalin - Stopping Javalin ...
[Test worker] INFO org.eclipse.jetty.server.AbstractConnector - Stopped ServerConnector@5704af9{HTTP/1.1,[http/1.1]}{0.0.0.0:9090}
[Test worker] INFO org.eclipse.jetty.server.session - node0 Stopped scavenging
[Test worker] INFO org.eclipse.jetty.server.handler.ContextHandler - Stopped o.e.j.s.ServletContextHandler@3c551c2f{/,null,UNAVAILABLE}
[Test worker] INFO org.eclipse.jetty.server.handler.ContextHandler - Stopped i.j.c.u.@707520f1{/,null,UNAVAILABLE}
[Test worker] INFO io.javalin.Javalin - Javalin has stopped
[Test worker] INFO io.javalin.Javalin - 
 _________________________________________
|        _                  _ _           |
|       | | __ ___   ____ _| (_)_ __      |
|    _  | |/ _` \ \ / / _` | | | '_ \     |
|   | |_| | (_| |\ V / (_| | | | | | |    |
|    \___/ \__,_| \_/ \__,_|_|_|_| |_|    |
|_________________________________________|
|                                         |
|    https://javalin.io/documentation     |
|_________________________________________|
[Test worker] INFO io.javalin.Javalin - Starting Javalin ...
[Test worker] INFO org.eclipse.jetty.server.Server - jetty-9.4.15.v20190215; built: 2019-02-15T16:53:49.381Z; git: eb70b240169fcf1abbd86af36482d1c49826fa0b; jvm 9.0.1+11
[Test worker] INFO org.eclipse.jetty.server.session - DefaultSessionIdManager workerName=node0
[Test worker] INFO org.eclipse.jetty.server.session - No SessionScavenger set, using defaults
[Test worker] INFO org.eclipse.jetty.server.session - node0 Scavenging every 600000ms
[Test worker] INFO org.eclipse.jetty.server.handler.ContextHandler - Started i.j.c.u.@12ddaa3a{/,null,AVAILABLE}
[Test worker] INFO org.eclipse.jetty.server.handler.ContextHandler - Started o.e.j.s.ServletContextHandler@1c7ca7b6{/,null,AVAILABLE}
[Test worker] INFO org.eclipse.jetty.server.AbstractConnector - Started ServerConnector@12ec8fbc{HTTP/1.1,[http/1.1]}{0.0.0.0:9090}
[Test worker] INFO org.eclipse.jetty.server.Server - Started @14975ms
[Test worker] INFO io.javalin.Javalin - Jetty is listening on: [http://localhost:9090/]
[Test worker] INFO io.javalin.Javalin - Javalin has started \o/
[Test worker] INFO io.javalin.Javalin - Stopping Javalin ...
[Test worker] INFO org.eclipse.jetty.server.AbstractConnector - Stopped ServerConnector@12ec8fbc{HTTP/1.1,[http/1.1]}{0.0.0.0:9090}
[Test worker] INFO org.eclipse.jetty.server.session - node0 Stopped scavenging
[Test worker] INFO org.eclipse.jetty.server.handler.ContextHandler - Stopped o.e.j.s.ServletContextHandler@1c7ca7b6{/,null,UNAVAILABLE}
[Test worker] INFO org.eclipse.jetty.server.handler.ContextHandler - Stopped i.j.c.u.@12ddaa3a{/,null,UNAVAILABLE}
[Test worker] INFO io.javalin.Javalin - Javalin has stopped
[Test worker] INFO io.javalin.Javalin - 
 _________________________________________
|        _                  _ _           |
|       | | __ ___   ____ _| (_)_ __      |
|    _  | |/ _` \ \ / / _` | | | '_ \     |
|   | |_| | (_| |\ V / (_| | | | | | |    |
|    \___/ \__,_| \_/ \__,_|_|_|_| |_|    |
|_________________________________________|
|                                         |
|    https://javalin.io/documentation     |
|_________________________________________|
[Test worker] INFO io.javalin.Javalin - Starting Javalin ...
[Test worker] INFO org.eclipse.jetty.server.Server - jetty-9.4.15.v20190215; built: 2019-02-15T16:53:49.381Z; git: eb70b240169fcf1abbd86af36482d1c49826fa0b; jvm 9.0.1+11
[Test worker] INFO org.eclipse.jetty.server.session - DefaultSessionIdManager workerName=node0
[Test worker] INFO org.eclipse.jetty.server.session - No SessionScavenger set, using defaults
[Test worker] INFO org.eclipse.jetty.server.session - node0 Scavenging every 660000ms
[Test worker] INFO org.eclipse.jetty.server.handler.ContextHandler - Started i.j.c.u.@63a5db51{/,null,AVAILABLE}
[Test worker] INFO org.eclipse.jetty.server.handler.ContextHandler - Started o.e.j.s.ServletContextHandler@223b4693{/,null,AVAILABLE}
[Test worker] INFO org.eclipse.jetty.server.AbstractConnector - Started ServerConnector@2319de2e{HTTP/1.1,[http/1.1]}{0.0.0.0:9090}
[Test worker] INFO org.eclipse.jetty.server.Server - Started @15230ms
[Test worker] INFO io.javalin.Javalin - Jetty is listening on: [http://localhost:9090/]
[Test worker] INFO io.javalin.Javalin - Javalin has started \o/
[Test worker] INFO io.javalin.Javalin - Stopping Javalin ...
[Test worker] INFO org.eclipse.jetty.server.AbstractConnector - Stopped ServerConnector@2319de2e{HTTP/1.1,[http/1.1]}{0.0.0.0:9090}
[Test worker] INFO org.eclipse.jetty.server.session - node0 Stopped scavenging
[Test worker] INFO org.eclipse.jetty.server.handler.ContextHandler - Stopped o.e.j.s.ServletContextHandler@223b4693{/,null,UNAVAILABLE}
[Test worker] INFO org.eclipse.jetty.server.handler.ContextHandler - Stopped i.j.c.u.@63a5db51{/,null,UNAVAILABLE}
[Test worker] INFO io.javalin.Javalin - Javalin has stopped
]]></system-err>
</testsuite>
