<?xml version="1.0" encoding="UTF-8"?>
<testsuite name="br.com.recrutamento.controller.testando os endpoints de event" tests="6" skipped="0" failures="0" errors="0" timestamp="2019-03-25T21:30:20" hostname="junior-pc" time="6.965">
  <properties/>
  <testcase name="testar sucesso processamento()" classname="br.com.recrutamento.controller.testando os endpoints de event" time="3.833"/>
  <testcase name="testar eventServiceException()" classname="br.com.recrutamento.controller.testando os endpoints de event" time="1.905"/>
  <testcase name="testar retorno statuscode 500()" classname="br.com.recrutamento.controller.testando os endpoints de event" time="0.078"/>
  <testcase name="testar retorno Issue()" classname="br.com.recrutamento.controller.testando os endpoints de event" time="0.808"/>
  <testcase name="testar internalServerError evento()" classname="br.com.recrutamento.controller.testando os endpoints de event" time="0.165"/>
  <testcase name="testar retorno de issue inexistente()" classname="br.com.recrutamento.controller.testando os endpoints de event" time="0.153"/>
  <system-out><![CDATA[]]></system-out>
  <system-err><![CDATA[[Test worker] INFO org.eclipse.jetty.util.log - Logging initialized @6530ms to org.eclipse.jetty.util.log.Slf4jLog
[Thread-4] INFO io.javalin.core.util.Util - It looks like you created a Javalin instance, but you never started it.
[Thread-4] INFO io.javalin.core.util.Util - Try: Javalin app = Javalin.create().start();
[Thread-4] INFO io.javalin.core.util.Util - For more help, visit https://javalin.io/documentation#starting-and-stopping
[Test worker] INFO io.javalin.Javalin - 
 _________________________________________
|        _                  _ _           |
|       | | __ ___   ____ _| (_)_ __      |
|    _  | |/ _` \ \ / / _` | | | '_ \     |
|   | |_| | (_| |\ V / (_| | | | | | |    |
|    \___/ \__,_| \_/ \__,_|_|_|_| |_|    |
|_________________________________________|
|                                         |
|    https://javalin.io/documentation     |
|_________________________________________|
[Test worker] INFO io.javalin.Javalin - Starting Javalin ...
[Test worker] INFO org.eclipse.jetty.server.Server - jetty-9.4.15.v20190215; built: 2019-02-15T16:53:49.381Z; git: eb70b240169fcf1abbd86af36482d1c49826fa0b; jvm 9.0.1+11
[Test worker] INFO org.eclipse.jetty.server.session - DefaultSessionIdManager workerName=node0
[Test worker] INFO org.eclipse.jetty.server.session - No SessionScavenger set, using defaults
[Test worker] INFO org.eclipse.jetty.server.session - node0 Scavenging every 660000ms
[Test worker] INFO org.eclipse.jetty.server.handler.ContextHandler - Started i.j.c.u.@33aa19b5{/,null,AVAILABLE}
[Test worker] INFO org.eclipse.jetty.server.handler.ContextHandler - Started o.e.j.s.ServletContextHandler@14bab401{/,null,AVAILABLE}
[Test worker] INFO org.eclipse.jetty.server.AbstractConnector - Started ServerConnector@1efe790e{HTTP/1.1,[http/1.1]}{0.0.0.0:9090}
[Test worker] INFO org.eclipse.jetty.server.Server - Started @9337ms
[Test worker] INFO io.javalin.Javalin - Jetty is listening on: [http://localhost:9090/]
[Test worker] INFO io.javalin.Javalin - Javalin has started \o/
[Test worker] INFO br.com.recrutamento.config.ServerConfig - as seguintes rotas foram geradas
[Test worker] INFO br.com.recrutamento.config.ServerConfig - /github/webhook
[Test worker] INFO br.com.recrutamento.config.ServerConfig - /github/issues/:number/events
[Test worker] INFO io.javalin.Javalin - Stopping Javalin ...
[Test worker] INFO org.eclipse.jetty.server.AbstractConnector - Stopped ServerConnector@1efe790e{HTTP/1.1,[http/1.1]}{0.0.0.0:9090}
[Test worker] INFO org.eclipse.jetty.server.session - node0 Stopped scavenging
[Test worker] INFO org.eclipse.jetty.server.handler.ContextHandler - Stopped o.e.j.s.ServletContextHandler@14bab401{/,null,UNAVAILABLE}
[Test worker] INFO org.eclipse.jetty.server.handler.ContextHandler - Stopped i.j.c.u.@33aa19b5{/,null,UNAVAILABLE}
[Test worker] INFO io.javalin.Javalin - Javalin has stopped
[Test worker] INFO io.javalin.Javalin - 
 _________________________________________
|        _                  _ _           |
|       | | __ ___   ____ _| (_)_ __      |
|    _  | |/ _` \ \ / / _` | | | '_ \     |
|   | |_| | (_| |\ V / (_| | | | | | |    |
|    \___/ \__,_| \_/ \__,_|_|_|_| |_|    |
|_________________________________________|
|                                         |
|    https://javalin.io/documentation     |
|_________________________________________|
[Test worker] INFO io.javalin.Javalin - Starting Javalin ...
[Test worker] INFO org.eclipse.jetty.server.Server - jetty-9.4.15.v20190215; built: 2019-02-15T16:53:49.381Z; git: eb70b240169fcf1abbd86af36482d1c49826fa0b; jvm 9.0.1+11
[Test worker] INFO org.eclipse.jetty.server.session - DefaultSessionIdManager workerName=node0
[Test worker] INFO org.eclipse.jetty.server.session - No SessionScavenger set, using defaults
[Test worker] INFO org.eclipse.jetty.server.session - node0 Scavenging every 660000ms
[Test worker] INFO org.eclipse.jetty.server.handler.ContextHandler - Started i.j.c.u.@2763dcf9{/,null,AVAILABLE}
[Test worker] INFO org.eclipse.jetty.server.handler.ContextHandler - Started o.e.j.s.ServletContextHandler@6102e1dd{/,null,AVAILABLE}
[Test worker] INFO org.eclipse.jetty.server.AbstractConnector - Started ServerConnector@1db2b105{HTTP/1.1,[http/1.1]}{0.0.0.0:9090}
[Test worker] INFO org.eclipse.jetty.server.Server - Started @10215ms
[Test worker] INFO io.javalin.Javalin - Jetty is listening on: [http://localhost:9090/]
[Test worker] INFO io.javalin.Javalin - Javalin has started \o/
[Test worker] INFO br.com.recrutamento.config.ServerConfig - as seguintes rotas foram geradas
[Test worker] INFO br.com.recrutamento.config.ServerConfig - /github/webhook
[Test worker] INFO br.com.recrutamento.config.ServerConfig - /github/issues/:number/events
[Test worker] INFO io.javalin.Javalin - Stopping Javalin ...
[Test worker] INFO org.eclipse.jetty.server.AbstractConnector - Stopped ServerConnector@1db2b105{HTTP/1.1,[http/1.1]}{0.0.0.0:9090}
[Test worker] INFO org.eclipse.jetty.server.session - node0 Stopped scavenging
[Test worker] INFO org.eclipse.jetty.server.handler.ContextHandler - Stopped o.e.j.s.ServletContextHandler@6102e1dd{/,null,UNAVAILABLE}
[Test worker] INFO org.eclipse.jetty.server.handler.ContextHandler - Stopped i.j.c.u.@2763dcf9{/,null,UNAVAILABLE}
[Test worker] INFO io.javalin.Javalin - Javalin has stopped
[Test worker] INFO io.javalin.Javalin - 
 _________________________________________
|        _                  _ _           |
|       | | __ ___   ____ _| (_)_ __      |
|    _  | |/ _` \ \ / / _` | | | '_ \     |
|   | |_| | (_| |\ V / (_| | | | | | |    |
|    \___/ \__,_| \_/ \__,_|_|_|_| |_|    |
|_________________________________________|
|                                         |
|    https://javalin.io/documentation     |
|_________________________________________|
[Test worker] INFO io.javalin.Javalin - Starting Javalin ...
[Test worker] INFO org.eclipse.jetty.server.Server - jetty-9.4.15.v20190215; built: 2019-02-15T16:53:49.381Z; git: eb70b240169fcf1abbd86af36482d1c49826fa0b; jvm 9.0.1+11
[Test worker] INFO org.eclipse.jetty.server.session - DefaultSessionIdManager workerName=node0
[Test worker] INFO org.eclipse.jetty.server.session - No SessionScavenger set, using defaults
[Test worker] INFO org.eclipse.jetty.server.session - node0 Scavenging every 600000ms
[Test worker] INFO org.eclipse.jetty.server.handler.ContextHandler - Started i.j.c.u.@6e27fe9d{/,null,AVAILABLE}
[Test worker] INFO org.eclipse.jetty.server.handler.ContextHandler - Started o.e.j.s.ServletContextHandler@1466ff1a{/,null,AVAILABLE}
[Test worker] INFO org.eclipse.jetty.server.AbstractConnector - Started ServerConnector@13990d2f{HTTP/1.1,[http/1.1]}{0.0.0.0:9090}
[Test worker] INFO org.eclipse.jetty.server.Server - Started @12128ms
[Test worker] INFO io.javalin.Javalin - Jetty is listening on: [http://localhost:9090/]
[Test worker] INFO io.javalin.Javalin - Javalin has started \o/
[Test worker] INFO br.com.recrutamento.config.ServerConfig - as seguintes rotas foram geradas
[Test worker] INFO br.com.recrutamento.config.ServerConfig - /github/webhook
[Test worker] INFO br.com.recrutamento.config.ServerConfig - /github/issues/:number/events
[Test worker] INFO io.javalin.Javalin - Stopping Javalin ...
[Test worker] INFO org.eclipse.jetty.server.AbstractConnector - Stopped ServerConnector@13990d2f{HTTP/1.1,[http/1.1]}{0.0.0.0:9090}
[Test worker] INFO org.eclipse.jetty.server.session - node0 Stopped scavenging
[Test worker] INFO org.eclipse.jetty.server.handler.ContextHandler - Stopped o.e.j.s.ServletContextHandler@1466ff1a{/,null,UNAVAILABLE}
[Test worker] INFO org.eclipse.jetty.server.handler.ContextHandler - Stopped i.j.c.u.@6e27fe9d{/,null,UNAVAILABLE}
[Test worker] INFO io.javalin.Javalin - Javalin has stopped
[Test worker] INFO io.javalin.Javalin - 
 _________________________________________
|        _                  _ _           |
|       | | __ ___   ____ _| (_)_ __      |
|    _  | |/ _` \ \ / / _` | | | '_ \     |
|   | |_| | (_| |\ V / (_| | | | | | |    |
|    \___/ \__,_| \_/ \__,_|_|_|_| |_|    |
|_________________________________________|
|                                         |
|    https://javalin.io/documentation     |
|_________________________________________|
[Test worker] INFO io.javalin.Javalin - Starting Javalin ...
[Test worker] INFO org.eclipse.jetty.server.Server - jetty-9.4.15.v20190215; built: 2019-02-15T16:53:49.381Z; git: eb70b240169fcf1abbd86af36482d1c49826fa0b; jvm 9.0.1+11
[Test worker] INFO org.eclipse.jetty.server.session - DefaultSessionIdManager workerName=node0
[Test worker] INFO org.eclipse.jetty.server.session - No SessionScavenger set, using defaults
[Test worker] INFO org.eclipse.jetty.server.session - node0 Scavenging every 660000ms
[Test worker] INFO org.eclipse.jetty.server.handler.ContextHandler - Started i.j.c.u.@340b44be{/,null,AVAILABLE}
[Test worker] INFO org.eclipse.jetty.server.handler.ContextHandler - Started o.e.j.s.ServletContextHandler@219e85bd{/,null,AVAILABLE}
[Test worker] INFO org.eclipse.jetty.server.AbstractConnector - Started ServerConnector@7f6b6c27{HTTP/1.1,[http/1.1]}{0.0.0.0:9090}
[Test worker] INFO org.eclipse.jetty.server.Server - Started @12201ms
[Test worker] INFO io.javalin.Javalin - Jetty is listening on: [http://localhost:9090/]
[Test worker] INFO io.javalin.Javalin - Javalin has started \o/
[Test worker] INFO br.com.recrutamento.config.ServerConfig - as seguintes rotas foram geradas
[Test worker] INFO br.com.recrutamento.config.ServerConfig - /github/webhook
[Test worker] INFO br.com.recrutamento.config.ServerConfig - /github/issues/:number/events
[Test worker] INFO io.javalin.Javalin - Stopping Javalin ...
[Test worker] INFO org.eclipse.jetty.server.AbstractConnector - Stopped ServerConnector@7f6b6c27{HTTP/1.1,[http/1.1]}{0.0.0.0:9090}
[Test worker] INFO org.eclipse.jetty.server.session - node0 Stopped scavenging
[Test worker] INFO org.eclipse.jetty.server.handler.ContextHandler - Stopped o.e.j.s.ServletContextHandler@219e85bd{/,null,UNAVAILABLE}
[Test worker] INFO org.eclipse.jetty.server.handler.ContextHandler - Stopped i.j.c.u.@340b44be{/,null,UNAVAILABLE}
[Test worker] INFO io.javalin.Javalin - Javalin has stopped
[Test worker] INFO io.javalin.Javalin - 
 _________________________________________
|        _                  _ _           |
|       | | __ ___   ____ _| (_)_ __      |
|    _  | |/ _` \ \ / / _` | | | '_ \     |
|   | |_| | (_| |\ V / (_| | | | | | |    |
|    \___/ \__,_| \_/ \__,_|_|_|_| |_|    |
|_________________________________________|
|                                         |
|    https://javalin.io/documentation     |
|_________________________________________|
[Test worker] INFO io.javalin.Javalin - Starting Javalin ...
[Test worker] INFO org.eclipse.jetty.server.Server - jetty-9.4.15.v20190215; built: 2019-02-15T16:53:49.381Z; git: eb70b240169fcf1abbd86af36482d1c49826fa0b; jvm 9.0.1+11
[Test worker] INFO org.eclipse.jetty.server.session - DefaultSessionIdManager workerName=node0
[Test worker] INFO org.eclipse.jetty.server.session - No SessionScavenger set, using defaults
[Test worker] INFO org.eclipse.jetty.server.session - node0 Scavenging every 600000ms
[Test worker] INFO org.eclipse.jetty.server.handler.ContextHandler - Started i.j.c.u.@5c8d93fc{/,null,AVAILABLE}
[Test worker] INFO org.eclipse.jetty.server.handler.ContextHandler - Started o.e.j.s.ServletContextHandler@522eea10{/,null,AVAILABLE}
[Test worker] INFO org.eclipse.jetty.server.AbstractConnector - Started ServerConnector@1a318a43{HTTP/1.1,[http/1.1]}{0.0.0.0:9090}
[Test worker] INFO org.eclipse.jetty.server.Server - Started @13041ms
[Test worker] INFO io.javalin.Javalin - Jetty is listening on: [http://localhost:9090/]
[Test worker] INFO io.javalin.Javalin - Javalin has started \o/
[Test worker] INFO br.com.recrutamento.config.ServerConfig - as seguintes rotas foram geradas
[Test worker] INFO br.com.recrutamento.config.ServerConfig - /github/webhook
[Test worker] INFO br.com.recrutamento.config.ServerConfig - /github/issues/:number/events
[Test worker] INFO io.javalin.Javalin - Stopping Javalin ...
[Test worker] INFO org.eclipse.jetty.server.AbstractConnector - Stopped ServerConnector@1a318a43{HTTP/1.1,[http/1.1]}{0.0.0.0:9090}
[Test worker] INFO org.eclipse.jetty.server.session - node0 Stopped scavenging
[Test worker] INFO org.eclipse.jetty.server.handler.ContextHandler - Stopped o.e.j.s.ServletContextHandler@522eea10{/,null,UNAVAILABLE}
[Test worker] INFO org.eclipse.jetty.server.handler.ContextHandler - Stopped i.j.c.u.@5c8d93fc{/,null,UNAVAILABLE}
[Test worker] INFO io.javalin.Javalin - Javalin has stopped
[Test worker] INFO io.javalin.Javalin - 
 _________________________________________
|        _                  _ _           |
|       | | __ ___   ____ _| (_)_ __      |
|    _  | |/ _` \ \ / / _` | | | '_ \     |
|   | |_| | (_| |\ V / (_| | | | | | |    |
|    \___/ \__,_| \_/ \__,_|_|_|_| |_|    |
|_________________________________________|
|                                         |
|    https://javalin.io/documentation     |
|_________________________________________|
[Test worker] INFO io.javalin.Javalin - Starting Javalin ...
[Test worker] INFO org.eclipse.jetty.server.Server - jetty-9.4.15.v20190215; built: 2019-02-15T16:53:49.381Z; git: eb70b240169fcf1abbd86af36482d1c49826fa0b; jvm 9.0.1+11
[Test worker] INFO org.eclipse.jetty.server.session - DefaultSessionIdManager workerName=node0
[Test worker] INFO org.eclipse.jetty.server.session - No SessionScavenger set, using defaults
[Test worker] INFO org.eclipse.jetty.server.session - node0 Scavenging every 600000ms
[Test worker] INFO org.eclipse.jetty.server.handler.ContextHandler - Started i.j.c.u.@38e1c3ba{/,null,AVAILABLE}
[Test worker] INFO org.eclipse.jetty.server.handler.ContextHandler - Started o.e.j.s.ServletContextHandler@5c1aa04a{/,null,AVAILABLE}
[Test worker] INFO org.eclipse.jetty.server.AbstractConnector - Started ServerConnector@20e4b260{HTTP/1.1,[http/1.1]}{0.0.0.0:9090}
[Test worker] INFO org.eclipse.jetty.server.Server - Started @13257ms
[Test worker] INFO io.javalin.Javalin - Jetty is listening on: [http://localhost:9090/]
[Test worker] INFO io.javalin.Javalin - Javalin has started \o/
[Test worker] INFO br.com.recrutamento.config.ServerConfig - as seguintes rotas foram geradas
[Test worker] INFO br.com.recrutamento.config.ServerConfig - /github/webhook
[Test worker] INFO br.com.recrutamento.config.ServerConfig - /github/issues/:number/events
[Test worker] INFO io.javalin.Javalin - Stopping Javalin ...
[Test worker] INFO org.eclipse.jetty.server.AbstractConnector - Stopped ServerConnector@20e4b260{HTTP/1.1,[http/1.1]}{0.0.0.0:9090}
[Test worker] INFO org.eclipse.jetty.server.session - node0 Stopped scavenging
[Test worker] INFO org.eclipse.jetty.server.handler.ContextHandler - Stopped o.e.j.s.ServletContextHandler@5c1aa04a{/,null,UNAVAILABLE}
[Test worker] INFO org.eclipse.jetty.server.handler.ContextHandler - Stopped i.j.c.u.@38e1c3ba{/,null,UNAVAILABLE}
[Test worker] INFO io.javalin.Javalin - Javalin has stopped
]]></system-err>
</testsuite>
